2022-12-22T15:03:41.702+03:00  INFO 9524 --- [restartedMain] com.alpersurekci.project.Application     : Starting Application using Java 18.0.1.1 with PID 9524 (C:\Users\Dell\Downloads\32BitProject\32BitProject\target\classes started by Dell in C:\Users\Dell\Downloads\32BitProject)
2022-12-22T15:03:41.748+03:00  INFO 9524 --- [restartedMain] com.alpersurekci.project.Application     : No active profile set, falling back to 1 default profile: "default"
2022-12-22T15:03:42.162+03:00  INFO 9524 --- [restartedMain] o.s.b.devtools.restart.ChangeableUrls    : The Class-Path manifest attribute in C:\Users\Dell\.m2\repository\com\sun\xml\bind\jaxb-impl\4.0.1\jaxb-impl-4.0.1.jar referenced one or more files that do not exist: file:/C:/Users/Dell/.m2/repository/com/sun/xml/bind/jaxb-impl/4.0.1/jaxb-core.jar,file:/C:/Users/Dell/.m2/repository/com/sun/xml/bind/jaxb-impl/4.0.1/angus-activation.jar
2022-12-22T15:03:42.164+03:00  INFO 9524 --- [restartedMain] o.s.b.devtools.restart.ChangeableUrls    : The Class-Path manifest attribute in C:\Users\Dell\.m2\repository\com\sun\xml\bind\jaxb-core\4.0.1\jaxb-core-4.0.1.jar referenced one or more files that do not exist: file:/C:/Users/Dell/.m2/repository/com/sun/xml/bind/jaxb-core/4.0.1/jakarta.activation-api.jar,file:/C:/Users/Dell/.m2/repository/com/sun/xml/bind/jaxb-core/4.0.1/jakarta.xml.bind-api.jar
2022-12-22T15:03:42.164+03:00  INFO 9524 --- [restartedMain] .e.DevToolsPropertyDefaultsPostProcessor : Devtools property defaults active! Set 'spring.devtools.add-properties' to 'false' to disable
2022-12-22T15:03:42.164+03:00  INFO 9524 --- [restartedMain] .e.DevToolsPropertyDefaultsPostProcessor : For additional web related logging consider setting the 'logging.level.web' property to 'DEBUG'
2022-12-22T15:03:50.447+03:00  INFO 9524 --- [restartedMain] .s.d.r.c.RepositoryConfigurationDelegate : Bootstrapping Spring Data JPA repositories in DEFAULT mode.
2022-12-22T15:03:50.600+03:00  INFO 9524 --- [restartedMain] .s.d.r.c.RepositoryConfigurationDelegate : Finished Spring Data repository scanning in 141 ms. Found 3 JPA repository interfaces.
2022-12-22T15:03:51.556+03:00  INFO 9524 --- [restartedMain] trationDelegate$BeanPostProcessorChecker : Bean 'wsConfig' of type [com.alpersurekci.project.ExternalService.SOAP.WsConfig$$SpringCGLIB$$0] is not eligible for getting processed by all BeanPostProcessors (for example: not eligible for auto-proxying)
2022-12-22T15:03:51.557+03:00  INFO 9524 --- [restartedMain] trationDelegate$BeanPostProcessorChecker : Bean 'org.springframework.ws.config.annotation.DelegatingWsConfiguration' of type [org.springframework.ws.config.annotation.DelegatingWsConfiguration$$SpringCGLIB$$0] is not eligible for getting processed by all BeanPostProcessors (for example: not eligible for auto-proxying)
2022-12-22T15:03:51.893+03:00  INFO 9524 --- [restartedMain] .w.s.a.s.AnnotationActionEndpointMapping : Supporting [WS-Addressing August 2004, WS-Addressing 1.0]
2022-12-22T15:03:52.915+03:00  INFO 9524 --- [restartedMain] o.s.b.w.embedded.tomcat.TomcatWebServer  : Tomcat initialized with port(s): 8080 (http)
2022-12-22T15:03:52.947+03:00  INFO 9524 --- [restartedMain] o.apache.catalina.core.StandardService   : Starting service [Tomcat]
2022-12-22T15:03:52.948+03:00  INFO 9524 --- [restartedMain] o.apache.catalina.core.StandardEngine    : Starting Servlet engine: [Apache Tomcat/10.1.1]
2022-12-22T15:03:53.052+03:00  INFO 9524 --- [restartedMain] o.a.c.c.C.[Tomcat].[localhost].[/]       : Initializing Spring embedded WebApplicationContext
2022-12-22T15:03:53.052+03:00  INFO 9524 --- [restartedMain] w.s.c.ServletWebServerApplicationContext : Root WebApplicationContext: initialization completed in 10888 ms
2022-12-22T15:03:53.458+03:00  INFO 9524 --- [restartedMain] o.hibernate.jpa.internal.util.LogHelper  : HHH000204: Processing PersistenceUnitInfo [name: default]
2022-12-22T15:03:53.595+03:00  INFO 9524 --- [restartedMain] org.hibernate.Version                    : HHH000412: Hibernate ORM core version 6.1.5.Final
2022-12-22T15:03:53.849+03:00  WARN 9524 --- [restartedMain] org.hibernate.orm.deprecation            : HHH90000021: Encountered deprecated setting [javax.persistence.sharedCache.mode], use [jakarta.persistence.sharedCache.mode] instead
2022-12-22T15:03:53.997+03:00  INFO 9524 --- [restartedMain] com.zaxxer.hikari.HikariDataSource       : HikariPool-1 - Starting...
2022-12-22T15:03:54.443+03:00  INFO 9524 --- [restartedMain] com.zaxxer.hikari.pool.HikariPool        : HikariPool-1 - Added connection com.mysql.cj.jdbc.ConnectionImpl@2e620952
2022-12-22T15:03:54.448+03:00  INFO 9524 --- [restartedMain] com.zaxxer.hikari.HikariDataSource       : HikariPool-1 - Start completed.
2022-12-22T15:03:54.499+03:00  INFO 9524 --- [restartedMain] SQL dialect                              : HHH000400: Using dialect: org.hibernate.dialect.MySQLDialect
2022-12-22T15:03:56.236+03:00  INFO 9524 --- [restartedMain] o.h.e.t.j.p.i.JtaPlatformInitiator       : HHH000490: Using JtaPlatform implementation: [org.hibernate.engine.transaction.jta.platform.internal.NoJtaPlatform]
2022-12-22T15:03:56.249+03:00  INFO 9524 --- [restartedMain] j.LocalContainerEntityManagerFactoryBean : Initialized JPA EntityManagerFactory for persistence unit 'default'
2022-12-22T15:03:57.128+03:00  WARN 9524 --- [restartedMain] JpaBaseConfiguration$JpaWebConfiguration : spring.jpa.open-in-view is enabled by default. Therefore, database queries may be performed during view rendering. Explicitly configure spring.jpa.open-in-view to disable this warning
2022-12-22T15:03:58.334+03:00  INFO 9524 --- [restartedMain] o.s.b.a.e.web.EndpointLinksResolver      : Exposing 14 endpoint(s) beneath base path '/actuator '
2022-12-22T15:03:58.472+03:00  INFO 9524 --- [restartedMain] o.s.s.web.DefaultSecurityFilterChain     : Will secure any request with [org.springframework.security.web.session.DisableEncodeUrlFilter@3e3d8c6b, org.springframework.security.web.context.request.async.WebAsyncManagerIntegrationFilter@107a0fe5, org.springframework.security.web.context.SecurityContextHolderFilter@55d718b1, org.springframework.security.web.header.HeaderWriterFilter@2118e48a, org.springframework.security.web.csrf.CsrfFilter@2421b866, org.springframework.security.web.authentication.logout.LogoutFilter@311dcef8, org.springframework.security.web.authentication.UsernamePasswordAuthenticationFilter@5d8137ce, org.springframework.security.web.savedrequest.RequestCacheAwareFilter@4b702260, org.springframework.security.web.servletapi.SecurityContextHolderAwareRequestFilter@3e9ac008, org.springframework.security.web.authentication.AnonymousAuthenticationFilter@6078ec20, org.springframework.security.web.access.ExceptionTranslationFilter@28a2fec3, org.springframework.security.web.access.intercept.AuthorizationFilter@2192089d]
2022-12-22T15:03:59.032+03:00  INFO 9524 --- [restartedMain] o.s.b.d.a.OptionalLiveReloadServer       : LiveReload server is running on port 35729
2022-12-22T15:03:59.107+03:00  INFO 9524 --- [restartedMain] o.s.b.w.embedded.tomcat.TomcatWebServer  : Tomcat started on port(s): 8080 (http) with context path ''
2022-12-22T15:03:59.121+03:00  INFO 9524 --- [restartedMain] com.alpersurekci.project.Application     : Started Application in 22.324 seconds (process running for 51.97)
2022-12-22T15:04:02.620+03:00  INFO 9524 --- [SpringApplicationShutdownHook] j.LocalContainerEntityManagerFactoryBean : Closing JPA EntityManagerFactory for persistence unit 'default'
2022-12-22T15:04:02.623+03:00  INFO 9524 --- [SpringApplicationShutdownHook] com.zaxxer.hikari.HikariDataSource       : HikariPool-1 - Shutdown initiated...
2022-12-22T15:04:02.642+03:00  INFO 9524 --- [SpringApplicationShutdownHook] com.zaxxer.hikari.HikariDataSource       : HikariPool-1 - Shutdown completed.
2022-12-22T15:04:40.539+03:00  INFO 2128 --- [restartedMain] com.alpersurekci.project.Application     : Starting Application using Java 18.0.1.1 with PID 2128 (C:\Users\Dell\Downloads\32BitProject\32BitProject\target\classes started by Dell in C:\Users\Dell\Downloads\32BitProject)
2022-12-22T15:04:40.542+03:00  INFO 2128 --- [restartedMain] com.alpersurekci.project.Application     : No active profile set, falling back to 1 default profile: "default"
2022-12-22T15:04:40.615+03:00  INFO 2128 --- [restartedMain] o.s.b.devtools.restart.ChangeableUrls    : The Class-Path manifest attribute in C:\Users\Dell\.m2\repository\com\sun\xml\bind\jaxb-impl\4.0.1\jaxb-impl-4.0.1.jar referenced one or more files that do not exist: file:/C:/Users/Dell/.m2/repository/com/sun/xml/bind/jaxb-impl/4.0.1/jaxb-core.jar,file:/C:/Users/Dell/.m2/repository/com/sun/xml/bind/jaxb-impl/4.0.1/angus-activation.jar
2022-12-22T15:04:40.616+03:00  INFO 2128 --- [restartedMain] o.s.b.devtools.restart.ChangeableUrls    : The Class-Path manifest attribute in C:\Users\Dell\.m2\repository\com\sun\xml\bind\jaxb-core\4.0.1\jaxb-core-4.0.1.jar referenced one or more files that do not exist: file:/C:/Users/Dell/.m2/repository/com/sun/xml/bind/jaxb-core/4.0.1/jakarta.activation-api.jar,file:/C:/Users/Dell/.m2/repository/com/sun/xml/bind/jaxb-core/4.0.1/jakarta.xml.bind-api.jar
2022-12-22T15:04:40.616+03:00  INFO 2128 --- [restartedMain] .e.DevToolsPropertyDefaultsPostProcessor : Devtools property defaults active! Set 'spring.devtools.add-properties' to 'false' to disable
2022-12-22T15:04:40.616+03:00  INFO 2128 --- [restartedMain] .e.DevToolsPropertyDefaultsPostProcessor : For additional web related logging consider setting the 'logging.level.web' property to 'DEBUG'
2022-12-22T15:04:41.871+03:00  INFO 2128 --- [restartedMain] .s.d.r.c.RepositoryConfigurationDelegate : Bootstrapping Spring Data JPA repositories in DEFAULT mode.
2022-12-22T15:04:41.971+03:00  INFO 2128 --- [restartedMain] .s.d.r.c.RepositoryConfigurationDelegate : Finished Spring Data repository scanning in 92 ms. Found 3 JPA repository interfaces.
2022-12-22T15:04:42.278+03:00  INFO 2128 --- [restartedMain] trationDelegate$BeanPostProcessorChecker : Bean 'wsConfig' of type [com.alpersurekci.project.ExternalService.SOAP.WsConfig$$SpringCGLIB$$0] is not eligible for getting processed by all BeanPostProcessors (for example: not eligible for auto-proxying)
2022-12-22T15:04:42.279+03:00  INFO 2128 --- [restartedMain] trationDelegate$BeanPostProcessorChecker : Bean 'org.springframework.ws.config.annotation.DelegatingWsConfiguration' of type [org.springframework.ws.config.annotation.DelegatingWsConfiguration$$SpringCGLIB$$0] is not eligible for getting processed by all BeanPostProcessors (for example: not eligible for auto-proxying)
2022-12-22T15:04:42.317+03:00  INFO 2128 --- [restartedMain] .w.s.a.s.AnnotationActionEndpointMapping : Supporting [WS-Addressing August 2004, WS-Addressing 1.0]
2022-12-22T15:04:42.730+03:00  INFO 2128 --- [restartedMain] o.s.b.w.embedded.tomcat.TomcatWebServer  : Tomcat initialized with port(s): 8080 (http)
2022-12-22T15:04:42.738+03:00  INFO 2128 --- [restartedMain] o.apache.catalina.core.StandardService   : Starting service [Tomcat]
2022-12-22T15:04:42.739+03:00  INFO 2128 --- [restartedMain] o.apache.catalina.core.StandardEngine    : Starting Servlet engine: [Apache Tomcat/10.1.1]
2022-12-22T15:04:42.817+03:00  INFO 2128 --- [restartedMain] o.a.c.c.C.[Tomcat].[localhost].[/]       : Initializing Spring embedded WebApplicationContext
2022-12-22T15:04:42.818+03:00  INFO 2128 --- [restartedMain] w.s.c.ServletWebServerApplicationContext : Root WebApplicationContext: initialization completed in 2201 ms
2022-12-22T15:04:43.080+03:00  INFO 2128 --- [restartedMain] o.hibernate.jpa.internal.util.LogHelper  : HHH000204: Processing PersistenceUnitInfo [name: default]
2022-12-22T15:04:43.144+03:00  INFO 2128 --- [restartedMain] org.hibernate.Version                    : HHH000412: Hibernate ORM core version 6.1.5.Final
2022-12-22T15:04:43.329+03:00  WARN 2128 --- [restartedMain] org.hibernate.orm.deprecation            : HHH90000021: Encountered deprecated setting [javax.persistence.sharedCache.mode], use [jakarta.persistence.sharedCache.mode] instead
2022-12-22T15:04:43.505+03:00  INFO 2128 --- [restartedMain] com.zaxxer.hikari.HikariDataSource       : HikariPool-1 - Starting...
2022-12-22T15:04:43.744+03:00  INFO 2128 --- [restartedMain] com.zaxxer.hikari.pool.HikariPool        : HikariPool-1 - Added connection com.mysql.cj.jdbc.ConnectionImpl@545fe963
2022-12-22T15:04:43.748+03:00  INFO 2128 --- [restartedMain] com.zaxxer.hikari.HikariDataSource       : HikariPool-1 - Start completed.
2022-12-22T15:04:43.799+03:00  INFO 2128 --- [restartedMain] SQL dialect                              : HHH000400: Using dialect: org.hibernate.dialect.MySQLDialect
2022-12-22T15:04:44.819+03:00  INFO 2128 --- [restartedMain] o.h.e.t.j.p.i.JtaPlatformInitiator       : HHH000490: Using JtaPlatform implementation: [org.hibernate.engine.transaction.jta.platform.internal.NoJtaPlatform]
2022-12-22T15:04:44.827+03:00  INFO 2128 --- [restartedMain] j.LocalContainerEntityManagerFactoryBean : Initialized JPA EntityManagerFactory for persistence unit 'default'
2022-12-22T15:04:45.493+03:00  WARN 2128 --- [restartedMain] JpaBaseConfiguration$JpaWebConfiguration : spring.jpa.open-in-view is enabled by default. Therefore, database queries may be performed during view rendering. Explicitly configure spring.jpa.open-in-view to disable this warning
2022-12-22T15:04:46.990+03:00  INFO 2128 --- [restartedMain] o.s.b.d.a.OptionalLiveReloadServer       : LiveReload server is running on port 35729
2022-12-22T15:04:46.999+03:00  INFO 2128 --- [restartedMain] o.s.b.a.e.web.EndpointLinksResolver      : Exposing 14 endpoint(s) beneath base path '/actuator '
2022-12-22T15:04:47.060+03:00  INFO 2128 --- [restartedMain] o.s.b.w.embedded.tomcat.TomcatWebServer  : Tomcat started on port(s): 8080 (http) with context path ''
2022-12-22T15:04:47.075+03:00  INFO 2128 --- [restartedMain] com.alpersurekci.project.Application     : Started Application in 7.022 seconds (process running for 9.851)
2022-12-22T15:04:50.735+03:00  INFO 2128 --- [http-nio-8080-exec-2] o.a.c.c.C.[Tomcat].[localhost].[/]       : Initializing Spring DispatcherServlet 'dispatcherServlet'
2022-12-22T15:04:50.736+03:00  INFO 2128 --- [http-nio-8080-exec-2] o.s.web.servlet.DispatcherServlet        : Initializing Servlet 'dispatcherServlet'
2022-12-22T15:04:50.738+03:00  INFO 2128 --- [http-nio-8080-exec-2] o.s.web.servlet.DispatcherServlet        : Completed initialization in 1 ms
2022-12-22T15:05:41.694+03:00  WARN 2128 --- [http-nio-8080-exec-4] .w.s.m.s.DefaultHandlerExceptionResolver : Resolved [org.springframework.web.HttpRequestMethodNotSupportedException: Request method 'DELETE' is not supported]
2022-12-22T15:58:34.633+03:00  INFO 2128 --- [SpringApplicationShutdownHook] j.LocalContainerEntityManagerFactoryBean : Closing JPA EntityManagerFactory for persistence unit 'default'
2022-12-22T15:58:34.649+03:00  INFO 2128 --- [SpringApplicationShutdownHook] com.zaxxer.hikari.HikariDataSource       : HikariPool-1 - Shutdown initiated...
2022-12-22T15:58:34.664+03:00  INFO 2128 --- [SpringApplicationShutdownHook] com.zaxxer.hikari.HikariDataSource       : HikariPool-1 - Shutdown completed.
2022-12-22T17:08:58.907+03:00  INFO 1596 --- [restartedMain] com.alpersurekci.project.Application     : Starting Application using Java 18.0.1.1 with PID 1596 (C:\Users\Dell\Downloads\32BitProject\32BitProject\target\classes started by Dell in C:\Users\Dell\Downloads\32BitProject)
2022-12-22T17:08:58.944+03:00  INFO 1596 --- [restartedMain] com.alpersurekci.project.Application     : No active profile set, falling back to 1 default profile: "default"
2022-12-22T17:08:59.048+03:00  INFO 1596 --- [restartedMain] o.s.b.devtools.restart.ChangeableUrls    : The Class-Path manifest attribute in C:\Users\Dell\.m2\repository\com\sun\xml\bind\jaxb-impl\4.0.1\jaxb-impl-4.0.1.jar referenced one or more files that do not exist: file:/C:/Users/Dell/.m2/repository/com/sun/xml/bind/jaxb-impl/4.0.1/jaxb-core.jar,file:/C:/Users/Dell/.m2/repository/com/sun/xml/bind/jaxb-impl/4.0.1/angus-activation.jar
2022-12-22T17:08:59.048+03:00  INFO 1596 --- [restartedMain] o.s.b.devtools.restart.ChangeableUrls    : The Class-Path manifest attribute in C:\Users\Dell\.m2\repository\com\sun\xml\bind\jaxb-core\4.0.1\jaxb-core-4.0.1.jar referenced one or more files that do not exist: file:/C:/Users/Dell/.m2/repository/com/sun/xml/bind/jaxb-core/4.0.1/jakarta.activation-api.jar,file:/C:/Users/Dell/.m2/repository/com/sun/xml/bind/jaxb-core/4.0.1/jakarta.xml.bind-api.jar
2022-12-22T17:08:59.049+03:00  INFO 1596 --- [restartedMain] .e.DevToolsPropertyDefaultsPostProcessor : Devtools property defaults active! Set 'spring.devtools.add-properties' to 'false' to disable
2022-12-22T17:08:59.049+03:00  INFO 1596 --- [restartedMain] .e.DevToolsPropertyDefaultsPostProcessor : For additional web related logging consider setting the 'logging.level.web' property to 'DEBUG'
2022-12-22T17:09:01.889+03:00  INFO 1596 --- [restartedMain] .s.d.r.c.RepositoryConfigurationDelegate : Bootstrapping Spring Data JPA repositories in DEFAULT mode.
2022-12-22T17:09:02.035+03:00  INFO 1596 --- [restartedMain] .s.d.r.c.RepositoryConfigurationDelegate : Finished Spring Data repository scanning in 138 ms. Found 3 JPA repository interfaces.
2022-12-22T17:09:02.817+03:00  INFO 1596 --- [restartedMain] trationDelegate$BeanPostProcessorChecker : Bean 'wsConfig' of type [com.alpersurekci.project.ExternalService.SOAP.WsConfig$$SpringCGLIB$$0] is not eligible for getting processed by all BeanPostProcessors (for example: not eligible for auto-proxying)
2022-12-22T17:09:02.819+03:00  INFO 1596 --- [restartedMain] trationDelegate$BeanPostProcessorChecker : Bean 'org.springframework.ws.config.annotation.DelegatingWsConfiguration' of type [org.springframework.ws.config.annotation.DelegatingWsConfiguration$$SpringCGLIB$$0] is not eligible for getting processed by all BeanPostProcessors (for example: not eligible for auto-proxying)
2022-12-22T17:09:03.078+03:00  INFO 1596 --- [restartedMain] .w.s.a.s.AnnotationActionEndpointMapping : Supporting [WS-Addressing August 2004, WS-Addressing 1.0]
2022-12-22T17:09:04.059+03:00  INFO 1596 --- [restartedMain] o.s.b.w.embedded.tomcat.TomcatWebServer  : Tomcat initialized with port(s): 8080 (http)
2022-12-22T17:09:04.110+03:00  INFO 1596 --- [restartedMain] o.apache.catalina.core.StandardService   : Starting service [Tomcat]
2022-12-22T17:09:04.111+03:00  INFO 1596 --- [restartedMain] o.apache.catalina.core.StandardEngine    : Starting Servlet engine: [Apache Tomcat/10.1.1]
2022-12-22T17:09:04.222+03:00  INFO 1596 --- [restartedMain] o.a.c.c.C.[Tomcat].[localhost].[/]       : Initializing Spring embedded WebApplicationContext
2022-12-22T17:09:04.223+03:00  INFO 1596 --- [restartedMain] w.s.c.ServletWebServerApplicationContext : Root WebApplicationContext: initialization completed in 5174 ms
2022-12-22T17:09:04.754+03:00  INFO 1596 --- [restartedMain] o.hibernate.jpa.internal.util.LogHelper  : HHH000204: Processing PersistenceUnitInfo [name: default]
2022-12-22T17:09:04.898+03:00  INFO 1596 --- [restartedMain] org.hibernate.Version                    : HHH000412: Hibernate ORM core version 6.1.5.Final
2022-12-22T17:09:05.082+03:00  WARN 1596 --- [restartedMain] org.hibernate.orm.deprecation            : HHH90000021: Encountered deprecated setting [javax.persistence.sharedCache.mode], use [jakarta.persistence.sharedCache.mode] instead
2022-12-22T17:09:05.293+03:00  INFO 1596 --- [restartedMain] com.zaxxer.hikari.HikariDataSource       : HikariPool-1 - Starting...
2022-12-22T17:09:05.524+03:00  INFO 1596 --- [restartedMain] com.zaxxer.hikari.pool.HikariPool        : HikariPool-1 - Added connection com.mysql.cj.jdbc.ConnectionImpl@231d07af
2022-12-22T17:09:05.527+03:00  INFO 1596 --- [restartedMain] com.zaxxer.hikari.HikariDataSource       : HikariPool-1 - Start completed.
2022-12-22T17:09:05.563+03:00  INFO 1596 --- [restartedMain] SQL dialect                              : HHH000400: Using dialect: org.hibernate.dialect.MySQLDialect
2022-12-22T17:09:06.841+03:00  INFO 1596 --- [restartedMain] o.h.e.t.j.p.i.JtaPlatformInitiator       : HHH000490: Using JtaPlatform implementation: [org.hibernate.engine.transaction.jta.platform.internal.NoJtaPlatform]
2022-12-22T17:09:06.903+03:00  INFO 1596 --- [restartedMain] j.LocalContainerEntityManagerFactoryBean : Initialized JPA EntityManagerFactory for persistence unit 'default'
2022-12-22T17:09:07.918+03:00  WARN 1596 --- [restartedMain] JpaBaseConfiguration$JpaWebConfiguration : spring.jpa.open-in-view is enabled by default. Therefore, database queries may be performed during view rendering. Explicitly configure spring.jpa.open-in-view to disable this warning
2022-12-22T17:09:10.393+03:00  INFO 1596 --- [restartedMain] o.s.b.a.e.web.EndpointLinksResolver      : Exposing 14 endpoint(s) beneath base path '/actuator '
2022-12-22T17:09:10.803+03:00  INFO 1596 --- [restartedMain] o.s.s.web.DefaultSecurityFilterChain     : Will secure any request with [org.springframework.security.web.session.DisableEncodeUrlFilter@2a2d38ef, org.springframework.security.web.context.request.async.WebAsyncManagerIntegrationFilter@4e826413, org.springframework.security.web.context.SecurityContextHolderFilter@24601d9f, org.springframework.security.web.header.HeaderWriterFilter@2efdac8e, org.springframework.security.web.csrf.CsrfFilter@6d9953d9, org.springframework.security.web.authentication.logout.LogoutFilter@1529a77, org.springframework.security.web.authentication.UsernamePasswordAuthenticationFilter@4a2a6917, org.springframework.security.web.savedrequest.RequestCacheAwareFilter@25f2b94f, org.springframework.security.web.servletapi.SecurityContextHolderAwareRequestFilter@426ebee8, org.springframework.security.web.authentication.AnonymousAuthenticationFilter@196d7863, org.springframework.security.web.access.ExceptionTranslationFilter@6fae766a, org.springframework.security.web.access.intercept.AuthorizationFilter@5da659e4]
2022-12-22T17:09:11.199+03:00  INFO 1596 --- [restartedMain] o.s.b.d.a.OptionalLiveReloadServer       : LiveReload server is running on port 35729
2022-12-22T17:09:11.275+03:00  INFO 1596 --- [restartedMain] o.s.b.w.embedded.tomcat.TomcatWebServer  : Tomcat started on port(s): 8080 (http) with context path ''
2022-12-22T17:09:11.290+03:00  INFO 1596 --- [restartedMain] com.alpersurekci.project.Application     : Started Application in 13.259 seconds (process running for 15.478)
2022-12-22T17:09:18.362+03:00  INFO 1596 --- [http-nio-8080-exec-1] o.a.c.c.C.[Tomcat].[localhost].[/]       : Initializing Spring DispatcherServlet 'dispatcherServlet'
2022-12-22T17:09:18.363+03:00  INFO 1596 --- [http-nio-8080-exec-1] o.s.web.servlet.DispatcherServlet        : Initializing Servlet 'dispatcherServlet'
2022-12-22T17:09:18.365+03:00  INFO 1596 --- [http-nio-8080-exec-1] o.s.web.servlet.DispatcherServlet        : Completed initialization in 2 ms
2022-12-22T17:09:18.585+03:00  WARN 1596 --- [http-nio-8080-exec-1] o.a.c.util.SessionIdGeneratorBase        : Creation of SecureRandom instance for session ID generation using [SHA1PRNG] took [119] milliseconds.
2022-12-22T17:09:33.154+03:00  INFO 1596 --- [http-nio-8080-exec-4] c.a.p.Controller.CustomerController      : ReturnModel(successful=true, code=SUCCESS, message=Müşteriler, result=[CustomerDto(id=5, customerName=Alper, customerEmail=surekcialper@gmail.com, customerSurname=Sürekçi), CustomerDto(id=10, customerName=soap, customerEmail=soap@gmail.com, customerSurname=deneme), CustomerDto(id=12, customerName=kadir, customerEmail=kadir@gmail.com, customerSurname=surekci), CustomerDto(id=13, customerName=gökay, customerEmail=gokay@gmail.com, customerSurname=surekci)])
2022-12-22T17:09:58.391+03:00  INFO 1596 --- [http-nio-8080-exec-1] c.a.p.Controller.CustomerController      : ReturnModel(successful=true, code=SUCCESS, message=Müşteri eklendi., result=[CustomerDto(id=null, customerName=surekci, customerEmail=surekci@gmail.com, customerSurname=surekci)])
2022-12-22T17:10:07.397+03:00  INFO 1596 --- [http-nio-8080-exec-2] c.a.p.Controller.CustomerController      : ReturnModel(successful=true, code=SUCCESS, message=Müşteriler, result=[CustomerDto(id=5, customerName=Alper, customerEmail=surekcialper@gmail.com, customerSurname=Sürekçi), CustomerDto(id=10, customerName=soap, customerEmail=soap@gmail.com, customerSurname=deneme), CustomerDto(id=12, customerName=kadir, customerEmail=kadir@gmail.com, customerSurname=surekci), CustomerDto(id=13, customerName=gökay, customerEmail=gokay@gmail.com, customerSurname=surekci), CustomerDto(id=14, customerName=surekci, customerEmail=surekci@gmail.com, customerSurname=surekci)])
2022-12-22T17:10:10.373+03:00  INFO 1596 --- [http-nio-8080-exec-6] c.a.p.Controller.CustomerController      : ReturnModel(successful=true, code=SUCCESS, message=Müşteri bulundu, result=[CustomerDto(id=14, customerName=surekci, customerEmail=surekci@gmail.com, customerSurname=surekci)])
2022-12-22T17:10:15.630+03:00  INFO 1596 --- [http-nio-8080-exec-5] c.a.p.Controller.CustomerController      : ReturnModel(successful=true, code=SUCCESS, message=Müşteri başarıyla silindi, result=[CustomerDto(id=14, customerName=surekci, customerEmail=surekci@gmail.com, customerSurname=surekci)])
2022-12-22T17:10:15.718+03:00  INFO 1596 --- [http-nio-8080-exec-7] c.a.p.Controller.CustomerController      : ReturnModel(successful=true, code=SUCCESS, message=Müşteriler, result=[CustomerDto(id=5, customerName=Alper, customerEmail=surekcialper@gmail.com, customerSurname=Sürekçi), CustomerDto(id=10, customerName=soap, customerEmail=soap@gmail.com, customerSurname=deneme), CustomerDto(id=12, customerName=kadir, customerEmail=kadir@gmail.com, customerSurname=surekci), CustomerDto(id=13, customerName=gökay, customerEmail=gokay@gmail.com, customerSurname=surekci)])
2022-12-22T17:10:23.390+03:00  INFO 1596 --- [http-nio-8080-exec-1] c.a.p.Controller.CustomerController      : ReturnModel(successful=true, code=SUCCESS, message=Müşteriler, result=[CustomerDto(id=5, customerName=Alper, customerEmail=surekcialper@gmail.com, customerSurname=Sürekçi), CustomerDto(id=10, customerName=soap, customerEmail=soap@gmail.com, customerSurname=deneme), CustomerDto(id=12, customerName=kadir, customerEmail=kadir@gmail.com, customerSurname=surekci), CustomerDto(id=13, customerName=gökay, customerEmail=gokay@gmail.com, customerSurname=surekci)])
2022-12-22T17:11:27.149+03:00  INFO 1596 --- [SpringApplicationShutdownHook] j.LocalContainerEntityManagerFactoryBean : Closing JPA EntityManagerFactory for persistence unit 'default'
2022-12-22T17:11:27.153+03:00  INFO 1596 --- [SpringApplicationShutdownHook] com.zaxxer.hikari.HikariDataSource       : HikariPool-1 - Shutdown initiated...
2022-12-22T17:11:27.175+03:00  INFO 1596 --- [SpringApplicationShutdownHook] com.zaxxer.hikari.HikariDataSource       : HikariPool-1 - Shutdown completed.
2022-12-22T17:11:34.939+03:00  INFO 12016 --- [restartedMain] com.alpersurekci.project.Application     : Starting Application using Java 18.0.1.1 with PID 12016 (C:\Users\Dell\Downloads\32BitProject\32BitProject\target\classes started by Dell in C:\Users\Dell\Downloads\32BitProject)
2022-12-22T17:11:34.941+03:00  INFO 12016 --- [restartedMain] com.alpersurekci.project.Application     : No active profile set, falling back to 1 default profile: "default"
2022-12-22T17:11:35.010+03:00  INFO 12016 --- [restartedMain] o.s.b.devtools.restart.ChangeableUrls    : The Class-Path manifest attribute in C:\Users\Dell\.m2\repository\com\sun\xml\bind\jaxb-impl\4.0.1\jaxb-impl-4.0.1.jar referenced one or more files that do not exist: file:/C:/Users/Dell/.m2/repository/com/sun/xml/bind/jaxb-impl/4.0.1/jaxb-core.jar,file:/C:/Users/Dell/.m2/repository/com/sun/xml/bind/jaxb-impl/4.0.1/angus-activation.jar
2022-12-22T17:11:35.010+03:00  INFO 12016 --- [restartedMain] o.s.b.devtools.restart.ChangeableUrls    : The Class-Path manifest attribute in C:\Users\Dell\.m2\repository\com\sun\xml\bind\jaxb-core\4.0.1\jaxb-core-4.0.1.jar referenced one or more files that do not exist: file:/C:/Users/Dell/.m2/repository/com/sun/xml/bind/jaxb-core/4.0.1/jakarta.activation-api.jar,file:/C:/Users/Dell/.m2/repository/com/sun/xml/bind/jaxb-core/4.0.1/jakarta.xml.bind-api.jar
2022-12-22T17:11:35.011+03:00  INFO 12016 --- [restartedMain] .e.DevToolsPropertyDefaultsPostProcessor : Devtools property defaults active! Set 'spring.devtools.add-properties' to 'false' to disable
2022-12-22T17:11:35.011+03:00  INFO 12016 --- [restartedMain] .e.DevToolsPropertyDefaultsPostProcessor : For additional web related logging consider setting the 'logging.level.web' property to 'DEBUG'
2022-12-22T17:11:36.354+03:00  INFO 12016 --- [restartedMain] .s.d.r.c.RepositoryConfigurationDelegate : Bootstrapping Spring Data JPA repositories in DEFAULT mode.
2022-12-22T17:11:36.443+03:00  INFO 12016 --- [restartedMain] .s.d.r.c.RepositoryConfigurationDelegate : Finished Spring Data repository scanning in 77 ms. Found 3 JPA repository interfaces.
2022-12-22T17:11:36.816+03:00  INFO 12016 --- [restartedMain] trationDelegate$BeanPostProcessorChecker : Bean 'wsConfig' of type [com.alpersurekci.project.ExternalService.SOAP.WsConfig$$SpringCGLIB$$0] is not eligible for getting processed by all BeanPostProcessors (for example: not eligible for auto-proxying)
2022-12-22T17:11:36.817+03:00  INFO 12016 --- [restartedMain] trationDelegate$BeanPostProcessorChecker : Bean 'org.springframework.ws.config.annotation.DelegatingWsConfiguration' of type [org.springframework.ws.config.annotation.DelegatingWsConfiguration$$SpringCGLIB$$0] is not eligible for getting processed by all BeanPostProcessors (for example: not eligible for auto-proxying)
2022-12-22T17:11:36.866+03:00  INFO 12016 --- [restartedMain] .w.s.a.s.AnnotationActionEndpointMapping : Supporting [WS-Addressing August 2004, WS-Addressing 1.0]
2022-12-22T17:11:37.350+03:00  INFO 12016 --- [restartedMain] o.s.b.w.embedded.tomcat.TomcatWebServer  : Tomcat initialized with port(s): 8080 (http)
2022-12-22T17:11:37.362+03:00  INFO 12016 --- [restartedMain] o.apache.catalina.core.StandardService   : Starting service [Tomcat]
2022-12-22T17:11:37.362+03:00  INFO 12016 --- [restartedMain] o.apache.catalina.core.StandardEngine    : Starting Servlet engine: [Apache Tomcat/10.1.1]
2022-12-22T17:11:37.454+03:00  INFO 12016 --- [restartedMain] o.a.c.c.C.[Tomcat].[localhost].[/]       : Initializing Spring embedded WebApplicationContext
2022-12-22T17:11:37.454+03:00  INFO 12016 --- [restartedMain] w.s.c.ServletWebServerApplicationContext : Root WebApplicationContext: initialization completed in 2442 ms
2022-12-22T17:11:37.620+03:00  WARN 12016 --- [restartedMain] o.a.c.c.C.[Tomcat].[localhost].[/]       : Cannot deserialize session attribute [SPRING_SECURITY_CONTEXT] for session [6D78785402252D86924BA7ECDB14AC66]
2022-12-22T17:11:37.622+03:00 ERROR 12016 --- [restartedMain] o.a.catalina.session.StandardManager     : Exception loading sessions from persistent storage

java.lang.ClassCastException: class java.io.ObjectStreamClass cannot be cast to class java.lang.String (java.io.ObjectStreamClass and java.lang.String are in module java.base of loader 'bootstrap')
	at java.base/java.io.ObjectInputStream.readTypeString(ObjectInputStream.java:1845) ~[na:na]
	at java.base/java.io.ObjectStreamClass.readNonProxy(ObjectStreamClass.java:839) ~[na:na]
	at java.base/java.io.ObjectInputStream.readClassDescriptor(ObjectInputStream.java:1017) ~[na:na]
	at java.base/java.io.ObjectInputStream.readNonProxyDesc(ObjectInputStream.java:2058) ~[na:na]
	at java.base/java.io.ObjectInputStream.readClassDesc(ObjectInputStream.java:1933) ~[na:na]
	at java.base/java.io.ObjectInputStream.readOrdinaryObject(ObjectInputStream.java:2259) ~[na:na]
	at java.base/java.io.ObjectInputStream.readObject0(ObjectInputStream.java:1768) ~[na:na]
	at java.base/java.io.ObjectInputStream.readObject(ObjectInputStream.java:543) ~[na:na]
	at java.base/java.io.ObjectInputStream.readObject(ObjectInputStream.java:501) ~[na:na]
	at org.apache.catalina.session.StandardSession.doReadObject(StandardSession.java:1505) ~[tomcat-embed-core-10.1.1.jar:10.1.1]
	at org.apache.catalina.session.StandardSession.readObjectData(StandardSession.java:1033) ~[tomcat-embed-core-10.1.1.jar:10.1.1]
	at org.apache.catalina.session.StandardManager.doLoad(StandardManager.java:219) ~[tomcat-embed-core-10.1.1.jar:10.1.1]
	at org.apache.catalina.session.StandardManager.load(StandardManager.java:162) ~[tomcat-embed-core-10.1.1.jar:10.1.1]
	at org.apache.catalina.session.StandardManager.startInternal(StandardManager.java:356) ~[tomcat-embed-core-10.1.1.jar:10.1.1]
	at org.apache.catalina.util.LifecycleBase.start(LifecycleBase.java:183) ~[tomcat-embed-core-10.1.1.jar:10.1.1]
	at org.apache.catalina.core.StandardContext.startInternal(StandardContext.java:5181) ~[tomcat-embed-core-10.1.1.jar:10.1.1]
	at org.apache.catalina.util.LifecycleBase.start(LifecycleBase.java:183) ~[tomcat-embed-core-10.1.1.jar:10.1.1]
	at org.apache.catalina.core.ContainerBase$StartChild.call(ContainerBase.java:1396) ~[tomcat-embed-core-10.1.1.jar:10.1.1]
	at org.apache.catalina.core.ContainerBase$StartChild.call(ContainerBase.java:1386) ~[tomcat-embed-core-10.1.1.jar:10.1.1]
	at java.base/java.util.concurrent.FutureTask.run(FutureTask.java:264) ~[na:na]
	at org.apache.tomcat.util.threads.InlineExecutorService.execute(InlineExecutorService.java:75) ~[tomcat-embed-core-10.1.1.jar:10.1.1]
	at java.base/java.util.concurrent.AbstractExecutorService.submit(AbstractExecutorService.java:145) ~[na:na]
	at org.apache.catalina.core.ContainerBase.startInternal(ContainerBase.java:919) ~[tomcat-embed-core-10.1.1.jar:10.1.1]
	at org.apache.catalina.core.StandardHost.startInternal(StandardHost.java:886) ~[tomcat-embed-core-10.1.1.jar:10.1.1]
	at org.apache.catalina.util.LifecycleBase.start(LifecycleBase.java:183) ~[tomcat-embed-core-10.1.1.jar:10.1.1]
	at org.apache.catalina.core.ContainerBase$StartChild.call(ContainerBase.java:1396) ~[tomcat-embed-core-10.1.1.jar:10.1.1]
	at org.apache.catalina.core.ContainerBase$StartChild.call(ContainerBase.java:1386) ~[tomcat-embed-core-10.1.1.jar:10.1.1]
	at java.base/java.util.concurrent.FutureTask.run(FutureTask.java:264) ~[na:na]
	at org.apache.tomcat.util.threads.InlineExecutorService.execute(InlineExecutorService.java:75) ~[tomcat-embed-core-10.1.1.jar:10.1.1]
	at java.base/java.util.concurrent.AbstractExecutorService.submit(AbstractExecutorService.java:145) ~[na:na]
	at org.apache.catalina.core.ContainerBase.startInternal(ContainerBase.java:919) ~[tomcat-embed-core-10.1.1.jar:10.1.1]
	at org.apache.catalina.core.StandardEngine.startInternal(StandardEngine.java:252) ~[tomcat-embed-core-10.1.1.jar:10.1.1]
	at org.apache.catalina.util.LifecycleBase.start(LifecycleBase.java:183) ~[tomcat-embed-core-10.1.1.jar:10.1.1]
	at org.apache.catalina.core.StandardService.startInternal(StandardService.java:432) ~[tomcat-embed-core-10.1.1.jar:10.1.1]
	at org.apache.catalina.util.LifecycleBase.start(LifecycleBase.java:183) ~[tomcat-embed-core-10.1.1.jar:10.1.1]
	at org.apache.catalina.core.StandardServer.startInternal(StandardServer.java:926) ~[tomcat-embed-core-10.1.1.jar:10.1.1]
	at org.apache.catalina.util.LifecycleBase.start(LifecycleBase.java:183) ~[tomcat-embed-core-10.1.1.jar:10.1.1]
	at org.apache.catalina.startup.Tomcat.start(Tomcat.java:485) ~[tomcat-embed-core-10.1.1.jar:10.1.1]
	at org.springframework.boot.web.embedded.tomcat.TomcatWebServer.initialize(TomcatWebServer.java:129) ~[spring-boot-3.0.0.jar:3.0.0]
	at org.springframework.boot.web.embedded.tomcat.TomcatWebServer.<init>(TomcatWebServer.java:110) ~[spring-boot-3.0.0.jar:3.0.0]
	at org.springframework.boot.web.embedded.tomcat.TomcatServletWebServerFactory.getTomcatWebServer(TomcatServletWebServerFactory.java:486) ~[spring-boot-3.0.0.jar:3.0.0]
	at org.springframework.boot.web.embedded.tomcat.TomcatServletWebServerFactory.getWebServer(TomcatServletWebServerFactory.java:210) ~[spring-boot-3.0.0.jar:3.0.0]
	at org.springframework.boot.web.servlet.context.ServletWebServerApplicationContext.createWebServer(ServletWebServerApplicationContext.java:183) ~[spring-boot-3.0.0.jar:3.0.0]
	at org.springframework.boot.web.servlet.context.ServletWebServerApplicationContext.onRefresh(ServletWebServerApplicationContext.java:161) ~[spring-boot-3.0.0.jar:3.0.0]
	at org.springframework.context.support.AbstractApplicationContext.refresh(AbstractApplicationContext.java:578) ~[spring-context-6.0.2.jar:6.0.2]
	at org.springframework.boot.web.servlet.context.ServletWebServerApplicationContext.refresh(ServletWebServerApplicationContext.java:146) ~[spring-boot-3.0.0.jar:3.0.0]
	at org.springframework.boot.SpringApplication.refresh(SpringApplication.java:730) ~[spring-boot-3.0.0.jar:3.0.0]
	at org.springframework.boot.SpringApplication.refreshContext(SpringApplication.java:432) ~[spring-boot-3.0.0.jar:3.0.0]
	at org.springframework.boot.SpringApplication.run(SpringApplication.java:308) ~[spring-boot-3.0.0.jar:3.0.0]
	at org.springframework.boot.SpringApplication.run(SpringApplication.java:1302) ~[spring-boot-3.0.0.jar:3.0.0]
	at org.springframework.boot.SpringApplication.run(SpringApplication.java:1291) ~[spring-boot-3.0.0.jar:3.0.0]
	at com.alpersurekci.project.Application.main(Application.java:18) ~[classes/:na]
	at java.base/jdk.internal.reflect.DirectMethodHandleAccessor.invoke(DirectMethodHandleAccessor.java:104) ~[na:na]
	at java.base/java.lang.reflect.Method.invoke(Method.java:577) ~[na:na]
	at org.springframework.boot.devtools.restart.RestartLauncher.run(RestartLauncher.java:49) ~[spring-boot-devtools-3.0.0.jar:3.0.0]

2022-12-22T17:11:37.782+03:00  INFO 12016 --- [restartedMain] o.hibernate.jpa.internal.util.LogHelper  : HHH000204: Processing PersistenceUnitInfo [name: default]
2022-12-22T17:11:37.865+03:00  INFO 12016 --- [restartedMain] org.hibernate.Version                    : HHH000412: Hibernate ORM core version 6.1.5.Final
2022-12-22T17:11:38.071+03:00  WARN 12016 --- [restartedMain] org.hibernate.orm.deprecation            : HHH90000021: Encountered deprecated setting [javax.persistence.sharedCache.mode], use [jakarta.persistence.sharedCache.mode] instead
2022-12-22T17:11:38.210+03:00  INFO 12016 --- [restartedMain] com.zaxxer.hikari.HikariDataSource       : HikariPool-1 - Starting...
2022-12-22T17:11:38.334+03:00  INFO 12016 --- [restartedMain] com.zaxxer.hikari.pool.HikariPool        : HikariPool-1 - Added connection com.mysql.cj.jdbc.ConnectionImpl@6926e164
2022-12-22T17:11:38.336+03:00  INFO 12016 --- [restartedMain] com.zaxxer.hikari.HikariDataSource       : HikariPool-1 - Start completed.
2022-12-22T17:11:38.368+03:00  INFO 12016 --- [restartedMain] SQL dialect                              : HHH000400: Using dialect: org.hibernate.dialect.MySQLDialect
2022-12-22T17:11:39.930+03:00  INFO 12016 --- [restartedMain] o.h.e.t.j.p.i.JtaPlatformInitiator       : HHH000490: Using JtaPlatform implementation: [org.hibernate.engine.transaction.jta.platform.internal.NoJtaPlatform]
2022-12-22T17:11:39.947+03:00  INFO 12016 --- [restartedMain] j.LocalContainerEntityManagerFactoryBean : Initialized JPA EntityManagerFactory for persistence unit 'default'
2022-12-22T17:11:40.657+03:00  WARN 12016 --- [restartedMain] JpaBaseConfiguration$JpaWebConfiguration : spring.jpa.open-in-view is enabled by default. Therefore, database queries may be performed during view rendering. Explicitly configure spring.jpa.open-in-view to disable this warning
2022-12-22T17:11:41.531+03:00  INFO 12016 --- [restartedMain] o.s.b.a.e.web.EndpointLinksResolver      : Exposing 14 endpoint(s) beneath base path '/actuator '
2022-12-22T17:11:41.589+03:00  INFO 12016 --- [restartedMain] o.s.s.web.DefaultSecurityFilterChain     : Will secure any request with [org.springframework.security.web.session.DisableEncodeUrlFilter@27aab1e0, org.springframework.security.web.context.request.async.WebAsyncManagerIntegrationFilter@3b6e5387, org.springframework.security.web.context.SecurityContextHolderFilter@5d79468d, org.springframework.security.web.header.HeaderWriterFilter@6b81985, org.springframework.security.web.csrf.CsrfFilter@2d2150d5, org.springframework.security.web.authentication.logout.LogoutFilter@27a1a8f8, org.springframework.security.web.authentication.UsernamePasswordAuthenticationFilter@2a0cb976, org.springframework.security.web.savedrequest.RequestCacheAwareFilter@4d2e3b34, org.springframework.security.web.servletapi.SecurityContextHolderAwareRequestFilter@3c83eafd, org.springframework.security.web.authentication.AnonymousAuthenticationFilter@131892ad, org.springframework.security.web.access.ExceptionTranslationFilter@b4a6be, org.springframework.security.web.access.intercept.AuthorizationFilter@471824fb]
2022-12-22T17:11:41.840+03:00  INFO 12016 --- [restartedMain] o.s.b.d.a.OptionalLiveReloadServer       : LiveReload server is running on port 35729
2022-12-22T17:11:41.884+03:00  INFO 12016 --- [restartedMain] o.s.b.w.embedded.tomcat.TomcatWebServer  : Tomcat started on port(s): 8080 (http) with context path ''
2022-12-22T17:11:41.899+03:00  INFO 12016 --- [restartedMain] com.alpersurekci.project.Application     : Started Application in 7.433 seconds (process running for 8.716)
2022-12-22T17:11:42.046+03:00  INFO 12016 --- [http-nio-8080-exec-1] o.a.c.c.C.[Tomcat].[localhost].[/]       : Initializing Spring DispatcherServlet 'dispatcherServlet'
2022-12-22T17:11:42.047+03:00  INFO 12016 --- [http-nio-8080-exec-1] o.s.web.servlet.DispatcherServlet        : Initializing Servlet 'dispatcherServlet'
2022-12-22T17:11:42.050+03:00  INFO 12016 --- [http-nio-8080-exec-1] o.s.web.servlet.DispatcherServlet        : Completed initialization in 3 ms
2022-12-22T17:11:51.489+03:00  INFO 12016 --- [http-nio-8080-exec-8] c.a.p.Controller.CustomerController      : ReturnModel(successful=true, code=SUCCESS, message=Müşteriler, result=[CustomerDto(id=5, customerName=Alper, customerEmail=surekcialper@gmail.com, customerSurname=Sürekçi), CustomerDto(id=10, customerName=soap, customerEmail=soap@gmail.com, customerSurname=deneme), CustomerDto(id=12, customerName=kadir, customerEmail=kadir@gmail.com, customerSurname=surekci), CustomerDto(id=13, customerName=gökay, customerEmail=gokay@gmail.com, customerSurname=surekci)])
2022-12-22T17:12:03.371+03:00  INFO 12016 --- [http-nio-8080-exec-2] c.a.p.Controller.CustomerController      : ReturnModel(successful=true, code=SUCCESS, message=Müşteri eklendi., result=[CustomerDto(id=null, customerName=surekci, customerEmail=surekci@gmail.com, customerSurname=surekci)])
2022-12-22T17:12:03.385+03:00  INFO 12016 --- [http-nio-8080-exec-5] c.a.p.Controller.CustomerController      : ReturnModel(successful=true, code=SUCCESS, message=Müşteriler, result=[CustomerDto(id=5, customerName=Alper, customerEmail=surekcialper@gmail.com, customerSurname=Sürekçi), CustomerDto(id=10, customerName=soap, customerEmail=soap@gmail.com, customerSurname=deneme), CustomerDto(id=12, customerName=kadir, customerEmail=kadir@gmail.com, customerSurname=surekci), CustomerDto(id=13, customerName=gökay, customerEmail=gokay@gmail.com, customerSurname=surekci), CustomerDto(id=15, customerName=surekci, customerEmail=surekci@gmail.com, customerSurname=surekci)])
2022-12-22T17:12:06.925+03:00  INFO 12016 --- [http-nio-8080-exec-4] c.a.p.Controller.CustomerController      : ReturnModel(successful=true, code=SUCCESS, message=Müşteri başarıyla silindi, result=[CustomerDto(id=15, customerName=surekci, customerEmail=surekci@gmail.com, customerSurname=surekci)])
2022-12-22T17:12:06.994+03:00  INFO 12016 --- [http-nio-8080-exec-6] c.a.p.Controller.CustomerController      : ReturnModel(successful=true, code=SUCCESS, message=Müşteriler, result=[CustomerDto(id=5, customerName=Alper, customerEmail=surekcialper@gmail.com, customerSurname=Sürekçi), CustomerDto(id=10, customerName=soap, customerEmail=soap@gmail.com, customerSurname=deneme), CustomerDto(id=12, customerName=kadir, customerEmail=kadir@gmail.com, customerSurname=surekci), CustomerDto(id=13, customerName=gökay, customerEmail=gokay@gmail.com, customerSurname=surekci)])
2022-12-22T17:12:25.731+03:00  INFO 12016 --- [SpringApplicationShutdownHook] j.LocalContainerEntityManagerFactoryBean : Closing JPA EntityManagerFactory for persistence unit 'default'
2022-12-22T17:12:25.733+03:00  INFO 12016 --- [SpringApplicationShutdownHook] com.zaxxer.hikari.HikariDataSource       : HikariPool-1 - Shutdown initiated...
2022-12-22T17:12:25.739+03:00  INFO 12016 --- [SpringApplicationShutdownHook] com.zaxxer.hikari.HikariDataSource       : HikariPool-1 - Shutdown completed.
